<?xml version="1.0" encoding="UTF-8"?>
<!-- Generated by org.testng.reporters.JUnitXMLReporter -->
<testsuite ignored="0" hostname="ADMIN-PC" failures="0" tests="3" name="Default test" time="2.974" errors="0" timestamp="2022-06-02T10:57:58 IST">
  <testcase classname="testclasses.VerifyHeaderHomePage" name="@BeforeClass launchBrowser" time="2.809">
    <failure type="org.openqa.selenium.SessionNotCreatedException" message="session not created: This version of ChromeDriver only supports Chrome version 100
Current browser version is 102.0.5005.63 with binary path C:\Program Files\Google\Chrome\Application\chrome.exe
Build info: version: &amp;apos;3.141.59&amp;apos;, revision: &amp;apos;e82be7d358&amp;apos;, time: &amp;apos;2018-11-14T08:17:03&amp;apos;
System info: host: &amp;apos;ADMIN-PC&amp;apos;, ip: &amp;apos;192.168.43.48&amp;apos;, os.name: &amp;apos;Windows 7&amp;apos;, os.arch: &amp;apos;amd64&amp;apos;, os.version: &amp;apos;6.1&amp;apos;, java.version: &amp;apos;17.0.2&amp;apos;
Driver info: driver.version: ChromeDriver
remote stacktrace: Backtrace:
	Ordinal0 [0x01617413+2389011]
	Ordinal0 [0x015A9F61+1941345]
	Ordinal0 [0x0149C658+837208]
	Ordinal0 [0x014BC773+968563]
	Ordinal0 [0x014B837A+951162]
	Ordinal0 [0x014B5C51+941137]
	Ordinal0 [0x014E8C80+1150080]
	Ordinal0 [0x014E88DA+1149146]
	Ordinal0 [0x014E3F66+1130342]
	Ordinal0 [0x014BE546+976198]
	Ordinal0 [0x014BF456+980054]
	GetHandleVerifier [0x017C9632+1727522]
	GetHandleVerifier [0x0187BA4D+2457661]
	GetHandleVerifier [0x016AEB81+569713]
	GetHandleVerifier [0x016ADD76+566118]
	Ordinal0 [0x015B0B2B+1968939]
	Ordinal0 [0x015B5988+1989000]
	Ordinal0 [0x015B5A75+1989237]
	Ordinal0 [0x015BECB1+2026673]
	BaseThreadInitThunk [0x74E4343D+18]
	RtlInitializeExceptionChain [0x76FE9812+99]
	RtlInitializeExceptionChain [0x76FE97E5+54]
">
      <![CDATA[org.openqa.selenium.SessionNotCreatedException: session not created: This version of ChromeDriver only supports Chrome version 100
Current browser version is 102.0.5005.63 with binary path C:\Program Files\Google\Chrome\Application\chrome.exe
Build info: version: '3.141.59', revision: 'e82be7d358', time: '2018-11-14T08:17:03'
System info: host: 'ADMIN-PC', ip: '192.168.43.48', os.name: 'Windows 7', os.arch: 'amd64', os.version: '6.1', java.version: '17.0.2'
Driver info: driver.version: ChromeDriver
remote stacktrace: Backtrace:
Ordinal0 [0x01617413+2389011]
Ordinal0 [0x015A9F61+1941345]
Ordinal0 [0x0149C658+837208]
Ordinal0 [0x014BC773+968563]
Ordinal0 [0x014B837A+951162]
Ordinal0 [0x014B5C51+941137]
Ordinal0 [0x014E8C80+1150080]
Ordinal0 [0x014E88DA+1149146]
Ordinal0 [0x014E3F66+1130342]
Ordinal0 [0x014BE546+976198]
Ordinal0 [0x014BF456+980054]
GetHandleVerifier [0x017C9632+1727522]
GetHandleVerifier [0x0187BA4D+2457661]
GetHandleVerifier [0x016AEB81+569713]
GetHandleVerifier [0x016ADD76+566118]
Ordinal0 [0x015B0B2B+1968939]
Ordinal0 [0x015B5988+1989000]
Ordinal0 [0x015B5A75+1989237]
Ordinal0 [0x015BECB1+2026673]
BaseThreadInitThunk [0x74E4343D+18]
RtlInitializeExceptionChain [0x76FE9812+99]
RtlInitializeExceptionChain [0x76FE97E5+54]

at java.base/jdk.internal.reflect.NativeConstructorAccessorImpl.newInstance0(Native Method)
at java.base/jdk.internal.reflect.NativeConstructorAccessorImpl.newInstance(NativeConstructorAccessorImpl.java:77)
at java.base/jdk.internal.reflect.DelegatingConstructorAccessorImpl.newInstance(DelegatingConstructorAccessorImpl.java:45)
at java.base/java.lang.reflect.Constructor.newInstanceWithCaller(Constructor.java:499)
at java.base/java.lang.reflect.Constructor.newInstance(Constructor.java:480)
at org.openqa.selenium.remote.W3CHandshakeResponse.lambda$errorHandler$0(W3CHandshakeResponse.java:62)
at org.openqa.selenium.remote.HandshakeResponse.lambda$getResponseFunction$0(HandshakeResponse.java:30)
at org.openqa.selenium.remote.ProtocolHandshake.lambda$createSession$0(ProtocolHandshake.java:126)
at java.base/java.util.stream.ReferencePipeline$3$1.accept(ReferencePipeline.java:197)
at java.base/java.util.Spliterators$ArraySpliterator.tryAdvance(Spliterators.java:1002)
at java.base/java.util.stream.ReferencePipeline.forEachWithCancel(ReferencePipeline.java:129)
at java.base/java.util.stream.AbstractPipeline.copyIntoWithCancel(AbstractPipeline.java:527)
at java.base/java.util.stream.AbstractPipeline.copyInto(AbstractPipeline.java:513)
at java.base/java.util.stream.AbstractPipeline.wrapAndCopyInto(AbstractPipeline.java:499)
at java.base/java.util.stream.FindOps$FindOp.evaluateSequential(FindOps.java:150)
at java.base/java.util.stream.AbstractPipeline.evaluate(AbstractPipeline.java:234)
at java.base/java.util.stream.ReferencePipeline.findFirst(ReferencePipeline.java:647)
at org.openqa.selenium.remote.ProtocolHandshake.createSession(ProtocolHandshake.java:128)
at org.openqa.selenium.remote.ProtocolHandshake.createSession(ProtocolHandshake.java:74)
at org.openqa.selenium.remote.HttpCommandExecutor.execute(HttpCommandExecutor.java:136)
at org.openqa.selenium.remote.service.DriverCommandExecutor.execute(DriverCommandExecutor.java:83)
at org.openqa.selenium.remote.RemoteWebDriver.execute(RemoteWebDriver.java:552)
at org.openqa.selenium.remote.RemoteWebDriver.startSession(RemoteWebDriver.java:213)
at org.openqa.selenium.remote.RemoteWebDriver.<init>(RemoteWebDriver.java:131)
at org.openqa.selenium.chrome.ChromeDriver.<init>(ChromeDriver.java:181)
at org.openqa.selenium.chrome.ChromeDriver.<init>(ChromeDriver.java:168)
at org.openqa.selenium.chrome.ChromeDriver.<init>(ChromeDriver.java:123)
at testclasses.VerifyHeaderHomePage.launchBrowser(VerifyHeaderHomePage.java:19)
at java.base/jdk.internal.reflect.NativeMethodAccessorImpl.invoke0(Native Method)
at java.base/jdk.internal.reflect.NativeMethodAccessorImpl.invoke(NativeMethodAccessorImpl.java:77)
at java.base/jdk.internal.reflect.DelegatingMethodAccessorImpl.invoke(DelegatingMethodAccessorImpl.java:43)
at java.base/java.lang.reflect.Method.invoke(Method.java:568)
at org.testng.internal.MethodInvocationHelper.invokeMethod(MethodInvocationHelper.java:133)
at org.testng.internal.MethodInvocationHelper.invokeMethodConsideringTimeout(MethodInvocationHelper.java:62)
at org.testng.internal.ConfigInvoker.invokeConfigurationMethod(ConfigInvoker.java:385)
at org.testng.internal.ConfigInvoker.invokeConfigurations(ConfigInvoker.java:321)
at org.testng.internal.TestMethodWorker.invokeBeforeClassMethods(TestMethodWorker.java:176)
at org.testng.internal.TestMethodWorker.run(TestMethodWorker.java:122)
at java.base/java.util.ArrayList.forEach(ArrayList.java:1511)
at org.testng.TestRunner.privateRun(TestRunner.java:794)
at org.testng.TestRunner.run(TestRunner.java:596)
at org.testng.SuiteRunner.runTest(SuiteRunner.java:377)
at org.testng.SuiteRunner.runSequentially(SuiteRunner.java:371)
at org.testng.SuiteRunner.privateRun(SuiteRunner.java:332)
at org.testng.SuiteRunner.run(SuiteRunner.java:276)
at org.testng.SuiteRunnerWorker.runSuite(SuiteRunnerWorker.java:53)
at org.testng.SuiteRunnerWorker.run(SuiteRunnerWorker.java:96)
at org.testng.TestNG.runSuitesSequentially(TestNG.java:1212)
at org.testng.TestNG.runSuitesLocally(TestNG.java:1134)
at org.testng.TestNG.runSuites(TestNG.java:1063)
at org.testng.TestNG.run(TestNG.java:1031)
at org.testng.remote.AbstractRemoteTestNG.run(AbstractRemoteTestNG.java:115)
at org.testng.remote.RemoteTestNG.initAndRun(RemoteTestNG.java:251)
at org.testng.remote.RemoteTestNG.main(RemoteTestNG.java:77)
]]>
    </failure>
  </testcase> <!-- @BeforeClass launchBrowser -->
  <testcase classname="testclasses.VerifyHeaderHomePage" name="@BeforeMethod loginToApplication" time="-1.654147677756E9">
    <skipped/>
  </testcase> <!-- @BeforeMethod loginToApplication -->
  <testcase classname="testclasses.VerifyHeaderHomePage" name="@AfterMethod logoutToApplication" time="-1.654147677777E9">
    <skipped/>
  </testcase> <!-- @AfterMethod logoutToApplication -->
  <testcase classname="testclasses.VerifyHeaderHomePage" name="@BeforeMethod loginToApplication" time="-1.654147677789E9">
    <skipped/>
  </testcase> <!-- @BeforeMethod loginToApplication -->
  <testcase classname="testclasses.VerifyHeaderHomePage" name="@AfterMethod logoutToApplication" time="-1.654147677801E9">
    <skipped/>
  </testcase> <!-- @AfterMethod logoutToApplication -->
  <testcase classname="testclasses.VerifyHeaderHomePage" name="@BeforeMethod loginToApplication" time="-1.654147677806E9">
    <skipped/>
  </testcase> <!-- @BeforeMethod loginToApplication -->
  <testcase classname="testclasses.VerifyHeaderHomePage" name="@AfterMethod logoutToApplication" time="-1.654147677818E9">
    <skipped/>
  </testcase> <!-- @AfterMethod logoutToApplication -->
  <testcase classname="testclasses.VerifyHeaderHomePage" name="@AfterClass CloseBrowser" time="-1.654147677828E9">
    <skipped/>
  </testcase> <!-- @AfterClass CloseBrowser -->
  <testcase classname="testclasses.VerifyHeaderHomePage" name="search" time="0.0">
    <skipped/>
  </testcase> <!-- search -->
  <testcase classname="testclasses.VerifyHeaderHomePage" name="urlandtitleverfy" time="0.001">
    <skipped/>
  </testcase> <!-- urlandtitleverfy -->
  <testcase classname="testclasses.VerifyHeaderHomePage" name="searchByAllCategory" time="0.0">
    <skipped/>
  </testcase> <!-- searchByAllCategory -->
</testsuite> <!-- Default test -->
